[0m[[0m[0mdebug[0m] [0m[0m> Exec(__runWatch console0, Some(78e4aca7-3452-44a4-9c85-a2ff07e901b7), Some(CommandSource(console0)))[0m
[0m[[0m[0mdebug[0m] [0m[0m> Exec(sbtStashOnFailure, None, Some(CommandSource(console0)))[0m
[0m[[0m[0mdebug[0m] [0m[0m> Exec(__preWatch console0, None, Some(CommandSource(console0)))[0m
[0m[[0m[0mdebug[0m] [0m[0m> Exec(run, None, Some(CommandSource(console0)))[0m
[0m[[0m[0mdebug[0m] [0m[0mEvaluating tasks: Compile / run[0m
[0m[[0m[0mdebug[0m] [0m[0mRunning task... Cancel: Signal, check cycles: false, forcegc: true[0m
[0m[[0m[0minfo[0m] [0m[0mcompiling 1 Scala source to /home/deinum/Documents/projects/fay/barnelle/target/scala-3.1.2/classes ...[0m
[0m[[0m[31merror[0m] [0m[0m[31m-- [E007] Type Mismatch Error: /home/deinum/Documents/projects/fay/barnelle/src/main/scala/Main.scala:16:19 [0m[0m
[0m[[0m[31merror[0m] [0m[0m[31m16 |[0m    input = readInt()[0m
[0m[[0m[31merror[0m] [0m[0m   |            [31m^^^^^^^^^[0m[0m
[0m[[0m[31merror[0m] [0m[0m   |            Found:    Int[0m
[0m[[0m[31merror[0m] [0m[0m   |            Required: String[0m
[0m[[0m[31merror[0m] [0m[0m[31m-- Error: /home/deinum/Documents/projects/fay/barnelle/src/main/scala/Main.scala:18:11 [0m[0m
[0m[[0m[31merror[0m] [0m[0m[31m18 |[0m      [33mcase[0m [31m1[0m => println([31m"1"[0m)[0m
[0m[[0m[31merror[0m] [0m[0m   |           [31m^[0m[0m
[0m[[0m[31merror[0m] [0m[0m   |         Values of types Int and String cannot be compared with == or !=[0m
[0m[[0m[31merror[0m] [0m[0m[31m-- Error: /home/deinum/Documents/projects/fay/barnelle/src/main/scala/Main.scala:19:11 [0m[0m
[0m[[0m[31merror[0m] [0m[0m[31m19 |[0m      [33mcase[0m [31m2[0m => println([31m"2"[0m)[0m
[0m[[0m[31merror[0m] [0m[0m   |           [31m^[0m[0m
[0m[[0m[31merror[0m] [0m[0m   |         Values of types Int and String cannot be compared with == or !=[0m
[0m[[0m[31merror[0m] [0m[0m[31m-- Error: /home/deinum/Documents/projects/fay/barnelle/src/main/scala/Main.scala:20:11 [0m[0m
[0m[[0m[31merror[0m] [0m[0m[31m20 |[0m      [33mcase[0m [31m3[0m => {[0m
[0m[[0m[31merror[0m] [0m[0m   |           [31m^[0m[0m
[0m[[0m[31merror[0m] [0m[0m   |         Values of types Int and String cannot be compared with == or !=[0m
[0m[[0m[31merror[0m] [0m[0mfour errors found[0m
[0m[[0m[31merror[0m] [0m[0m(Compile / [31mcompileIncremental[0m) Compilation failed[0m
[0m[[0m[31merror[0m] [0m[0mTotal time: 1 s, completed Jun 18, 2022, 5:15:14 PM[0m
[0m[[0m[0mdebug[0m] [0m[0m> Exec(resumeFromFailure, None, Some(CommandSource(console0)))[0m
[0m[[0m[0mdebug[0m] [0m[0m> Exec(sbtPopOnFailure, None, Some(CommandSource(console0)))[0m
[0m[[0m[0mdebug[0m] [0m[0m> Exec(__postWatch console0, None, Some(CommandSource(console0)))[0m
[0m[[0m[0mdebug[0m] [0m[0m> Exec(resumeFromFailure, None, None)[0m
[0m[[0m[0mdebug[0m] [0m[0m> Exec(__waitWatch console0, None, None)[0m
