[debug] > Exec(early(addDefaultCommands), None, None)
[debug] > Exec(addDefaultCommands, None, None)
[debug] > Exec(early(initialize), None, None)
[debug] > Exec(initialize, None, None)
[debug] > Exec(boot, None, None)
[debug] > Exec(writeSbtVersion, None, None)
[debug] > Exec(reload, None, None)
[debug] > Exec(sbtStashOnFailure, None, None)
[debug] > Exec(onFailure loadFailed, None, None)
[debug] > Exec(loadp, None, None)
[info] welcome to sbt 1.6.2 (Oracle Corporation Java 17)
[debug] Load.defaultLoad until apply took 334.471689ms
[debug]                 Load.loadUnit: plugins took 97.735592ms
[debug]                 Load.loadUnit: defsScala took 0.602939ms
[debug] [Loading] Scanning directory /home/deinum/Documents/projects/fay/barnelle/project/project
[debug]                   Load.loadUnit: mkEval took 24.566226ms
[debug] [Loading] Found non-root projects 
[debug] [Loading] Done in /home/deinum/Documents/projects/fay/barnelle/project/project, returning: ()
[debug] deducing auto plugins based on known facts Set(Atom(sbt.plugins.CorePlugin)) and clauses Clauses(Clause(Atom(sbt.plugins.JvmPlugin),Set(Atom(sbt.plugins.IvyPlugin)))
[debug] Clause(Atom(sbt.ScriptedPlugin),Set(Atom(sbt.plugins.JvmPlugin)))
[debug] Clause(Atom(sbt.plugins.SbtPlugin),Set(Atom(sbt.ScriptedPlugin)))
[debug] Clause(Atom(sbt.plugins.SemanticdbPlugin),Set(Atom(sbt.plugins.JvmPlugin)))
[debug] Clause(Atom(sbt.plugins.JUnitXmlReportPlugin),Set(Atom(sbt.plugins.JvmPlugin)))
[debug] Clause(Atom(sbt.plugins.MiniDependencyTreePlugin),Set(Atom(sbt.plugins.JvmPlugin)))
[debug] Clause(Atom(sbt.plugins.CorePlugin),Set(Atom(sbt.plugins.IvyPlugin)))
[debug] Clause(Atom(sbt.plugins.IvyPlugin),Set(Atom(sbt.plugins.JvmPlugin)))
[debug] Clause(Atom(sbt.plugins.JvmPlugin),Set(Atom(sbt.plugins.SemanticdbPlugin)))
[debug] Clause(Atom(sbt.plugins.JvmPlugin),Set(Atom(sbt.plugins.JUnitXmlReportPlugin)))
[debug] Clause(Atom(sbt.plugins.CorePlugin),Set(Atom(sbt.plugins.Giter8TemplatePlugin)))
[debug] Clause(Atom(sbt.plugins.JvmPlugin),Set(Atom(sbt.plugins.MiniDependencyTreePlugin))))
[debug]   :: deduced result: Matched(sbt.plugins.CorePlugin,sbt.plugins.Giter8TemplatePlugin,sbt.plugins.IvyPlugin,sbt.plugins.JvmPlugin,sbt.plugins.MiniDependencyTreePlugin,sbt.plugins.JUnitXmlReportPlugin,sbt.plugins.SemanticdbPlugin)
[debug] Plugins.deducer#function took 27.55464 ms
[info] loading settings for project barnelle-build-build from metals.sbt ...
[debug]                     Load.resolveProject(barnelle-build-build) took 67.498416ms
[debug]                   Load.loadTransitive: finalizeProject(Project(id barnelle-build-build, base: /home/deinum/Documents/projects/fay/barnelle/project/project, plugins: List(<none>))) took 106.090662ms
[debug] [Loading] Done in /home/deinum/Documents/projects/fay/barnelle/project/project, returning: (barnelle-build-build)
[debug]                 Load.loadUnit: loadedProjectsRaw took 5438.645059ms
[debug]                 Load.loadUnit: cleanEvalClasses took 6.840996ms
[debug]               Load.loadUnit(file:/home/deinum/Documents/projects/fay/barnelle/project/project/, ...) took 5556.295516ms
[debug]             Load.apply: load took 5763.661728ms
[debug]             Load.apply: resolveProjects took 7.827081ms
[debug]             Load.apply: finalTransforms took 143.202259ms
[debug]             Load.apply: config.delegates took 22.09979ms
[debug]             Load.apply: Def.make(settings)... took 1000.645468ms
[debug]             Load.apply: structureIndex took 496.310242ms
[debug]             Load.apply: mkStreams took 14.027063ms
[info] loading project definition from /home/deinum/Documents/projects/fay/barnelle/project/project
[debug] Running task... Cancel: Signal, check cycles: false, forcegc: true
