[0m[[0m[0mdebug[0m] [0m[0m> Exec(~run, Some(da912b78-0a95-45c6-b15e-07c31ed3694d), Some(CommandSource(console0)))[0m
[0m[[0m[0mdebug[0m] [0m[0m> Exec(__runWatch console0, None, Some(CommandSource(console0)))[0m
[0m[[0m[0mdebug[0m] [0m[0m> Exec(sbtStashOnFailure, None, Some(CommandSource(console0)))[0m
[0m[[0m[0mdebug[0m] [0m[0m> Exec(__preWatch console0, None, Some(CommandSource(console0)))[0m
[0m[[0m[0mdebug[0m] [0m[0m> Exec(run, None, Some(CommandSource(console0)))[0m
[0m[[0m[0mdebug[0m] [0m[0mEvaluating tasks: Compile / run[0m
[0m[[0m[0mdebug[0m] [0m[0mRunning task... Cancel: Signal, check cycles: false, forcegc: true[0m
[0m[[0m[0minfo[0m] [0m[0mcompiling 1 Scala source to /home/deinum/Documents/projects/fay/barnelle/target/scala-3.1.2/classes ...[0m
[0m[[0m[31merror[0m] [0m[0m[31m-- [E007] Type Mismatch Error: /home/deinum/Documents/projects/fay/barnelle/src/main/scala/Main.scala:42:11 [0m[0m
[0m[[0m[31merror[0m] [0m[0m[31m42 |[0m    [33mreturn[0m integers[0m
[0m[[0m[31merror[0m] [0m[0m   |           [31m^^^^^^^^[0m[0m
[0m[[0m[31merror[0m] [0m[0m   |           Found:    (integers : Array[Int])[0m
[0m[[0m[31merror[0m] [0m[0m   |           Required: List[Int][0m
[0m[[0m[31merror[0m] [0m[0mone error found[0m
[0m[[0m[31merror[0m] [0m[0m(Compile / [31mcompileIncremental[0m) Compilation failed[0m
[0m[[0m[31merror[0m] [0m[0mTotal time: 1 s, completed Jun 18, 2022, 5:52:48 PM[0m
[0m[[0m[0mdebug[0m] [0m[0m> Exec(resumeFromFailure, None, Some(CommandSource(console0)))[0m
[0m[[0m[0mdebug[0m] [0m[0m> Exec(sbtPopOnFailure, None, Some(CommandSource(console0)))[0m
[0m[[0m[0mdebug[0m] [0m[0m> Exec(__postWatch console0, None, Some(CommandSource(console0)))[0m
[0m[[0m[0mdebug[0m] [0m[0m> Exec(__waitWatch console0, None, Some(CommandSource(console0)))[0m
